  Ball.cpp
c:\users\wurtc\downloads\proyectossdl\proyectossdl\holasdl\game.h(42): error C2143: error de sintaxis: falta ';' delante de '*'
c:\users\wurtc\downloads\proyectossdl\proyectossdl\holasdl\game.h(42): error C4430: falta el especificador de tipo; se presupone int. Nota: C++ no admite default-int
c:\users\wurtc\downloads\proyectossdl\proyectossdl\holasdl\game.h(42): error C2238: símbolos (token) inesperados delante de ';'
  Game.cpp
c:\program files (x86)\windows kits\10\include\10.0.17134.0\ucrt\crtdbg.h(303): warning C4005: '_malloca': redefinición de macro
  c:\program files (x86)\windows kits\10\include\10.0.17134.0\ucrt\malloc.h(122): note: vea la definición anterior de '_malloca'
c:\users\wurtc\downloads\proyectossdl\proyectossdl\holasdl\ball.h(13): error C2143: error de sintaxis: falta ';' delante de '*'
c:\users\wurtc\downloads\proyectossdl\proyectossdl\holasdl\ball.h(13): error C4430: falta el especificador de tipo; se presupone int. Nota: C++ no admite default-int
c:\users\wurtc\downloads\proyectossdl\proyectossdl\holasdl\ball.h(13): error C2238: símbolos (token) inesperados delante de ';'
c:\users\wurtc\downloads\proyectossdl\proyectossdl\holasdl\ball.h(15): error C2061: error de sintaxis: identificador 'Game'
c:\users\wurtc\downloads\proyectossdl\proyectossdl\holasdl\ball.h(16): error C2061: error de sintaxis: identificador 'Game'
c:\users\wurtc\downloads\proyectossdl\proyectossdl\holasdl\game.cpp(13): error C2661: 'Ball::Ball': ninguna función sobrecargada acepta 6 argumentos
  main.cpp
c:\program files (x86)\windows kits\10\include\10.0.17134.0\ucrt\crtdbg.h(303): warning C4005: '_malloca': redefinición de macro
  c:\program files (x86)\windows kits\10\include\10.0.17134.0\ucrt\malloc.h(122): note: vea la definición anterior de '_malloca'
c:\users\wurtc\downloads\proyectossdl\proyectossdl\holasdl\ball.h(13): error C2143: error de sintaxis: falta ';' delante de '*'
c:\users\wurtc\downloads\proyectossdl\proyectossdl\holasdl\ball.h(13): error C4430: falta el especificador de tipo; se presupone int. Nota: C++ no admite default-int
c:\users\wurtc\downloads\proyectossdl\proyectossdl\holasdl\ball.h(13): error C2238: símbolos (token) inesperados delante de ';'
c:\users\wurtc\downloads\proyectossdl\proyectossdl\holasdl\ball.h(15): error C2061: error de sintaxis: identificador 'Game'
c:\users\wurtc\downloads\proyectossdl\proyectossdl\holasdl\ball.h(16): error C2061: error de sintaxis: identificador 'Game'
  Generando código...
